<?xml version="1.0" encoding="UTF-8"?>
<!-- Generated by org.testng.reporters.JUnitReportReporter -->
<testsuite hostname="LAPTOP-EGHMMD86" failures="0" tests="5" name="PageTestPackage.LoginPageDDT" time="26.704" errors="0" timestamp="23 Jan 2023 19:20:11 GMT" skipped="0">
  <testcase classname="PageTestPackage.LoginPageDDT" name="loginddt" time="5.836"/>
  <testcase classname="PageTestPackage.LoginPageDDT" name="loginddt" time="3.937"/>
  <testcase classname="PageTestPackage.LoginPageDDT" name="loginddt" time="4.446"/>
  <testcase classname="PageTestPackage.LoginPageDDT" name="loginddt" time="6.743"/>
  <testcase classname="PageTestPackage.LoginPageDDT" name="loginddt" time="5.742"/>
</testsuite> <!-- PageTestPackage.LoginPageDDT -->
